mode: set
github.com/sukvij/greedy-game/delivery/controller.go:27.156,31.2 3 0
github.com/sukvij/greedy-game/delivery/controller.go:33.69,41.20 7 0
github.com/sukvij/greedy-game/delivery/controller.go:41.20,45.3 3 0
github.com/sukvij/greedy-game/delivery/controller.go:47.2,53.45 3 0
github.com/sukvij/greedy-game/delivery/controller.go:53.45,56.3 2 0
github.com/sukvij/greedy-game/delivery/controller.go:57.2,60.16 4 0
github.com/sukvij/greedy-game/delivery/controller.go:60.16,64.3 3 0
github.com/sukvij/greedy-game/delivery/controller.go:66.2,67.91 2 0
github.com/sukvij/greedy-game/delivery/repository.go:21.79,23.2 1 1
github.com/sukvij/greedy-game/delivery/repository.go:25.101,26.26 1 1
github.com/sukvij/greedy-game/delivery/repository.go:26.26,28.3 1 1
github.com/sukvij/greedy-game/delivery/repository.go:37.2,88.27 8 1
github.com/sukvij/greedy-game/delivery/repository.go:88.27,90.52 1 0
github.com/sukvij/greedy-game/delivery/repository.go:90.52,93.4 1 0
github.com/sukvij/greedy-game/delivery/repository.go:93.9,95.4 1 0
github.com/sukvij/greedy-game/delivery/repository.go:97.2,97.28 1 1
github.com/sukvij/greedy-game/delivery/service.go:16.73,18.2 1 1
github.com/sukvij/greedy-game/delivery/service.go:24.95,25.33 1 1
github.com/sukvij/greedy-game/delivery/service.go:25.33,27.3 1 1
github.com/sukvij/greedy-game/delivery/service.go:28.2,28.35 1 1
github.com/sukvij/greedy-game/delivery/service.go:28.35,30.3 1 1
github.com/sukvij/greedy-game/delivery/service.go:31.2,31.43 1 1
github.com/sukvij/greedy-game/delivery/service.go:31.43,33.3 1 1
github.com/sukvij/greedy-game/delivery/service.go:35.2,38.48 4 1
